-------------------------------------------------------------------------------
Test set: com.noriental.serviceprodiver.ServiceProviderApplicationTests
-------------------------------------------------------------------------------
Tests run: 1, Failures: 0, Errors: 1, Skipped: 0, Time elapsed: 3.71 s <<< FAILURE! - in com.noriental.serviceprodiver.ServiceProviderApplicationTests
contextLoads(com.noriental.serviceprodiver.ServiceProviderApplicationTests)  Time elapsed: 0.001 s  <<< ERROR!
java.lang.IllegalStateException: Failed to load ApplicationContext
Caused by: org.springframework.beans.factory.BeanDefinitionStoreException: Failed to process import candidates for configuration class [com.noriental.serviceprodiver.ServiceProviderApplication]; nested exception is java.lang.IllegalStateException: Could not evaluate condition on de.codecentric.boot.admin.client.config.SpringBootAdminClientAutoConfiguration due to org/springframework/boot/bind/RelaxedPropertyResolver not found. Make sure your own configuration does not rely on that class. This can also happen if you are @ComponentScanning a springframework package (e.g. if you put a @ComponentScan in the default package by mistake)
Caused by: java.lang.IllegalStateException: Could not evaluate condition on de.codecentric.boot.admin.client.config.SpringBootAdminClientAutoConfiguration due to org/springframework/boot/bind/RelaxedPropertyResolver not found. Make sure your own configuration does not rely on that class. This can also happen if you are @ComponentScanning a springframework package (e.g. if you put a @ComponentScan in the default package by mistake)
Caused by: java.lang.NoClassDefFoundError: org/springframework/boot/bind/RelaxedPropertyResolver
Caused by: java.lang.ClassNotFoundException: org.springframework.boot.bind.RelaxedPropertyResolver

